45
11
65
57
34
42
10
120
150
157
162
145
56
159
131
110
159
116
44
120
104
29
113
190
42
22
49
135
159
159
73
150
66
84
89
183
165
57
98
169
59
15
119
143
7
149
14
30
173
105
159
157
74
40
159
159
144
157
127
44
161
107
143
157
132
146
126
144
144
132
124
144
131
100
29
132
61
24
132
116
144
56
136
117
23
2
146
139
144
36
131
114
121
31
116
148
131
146
126
122
101
135
57
131
29
125
25
75
22
109
141
129
128
129
17
146
61
123
57
129
32
28
132
108
129
129
125
122
88
82
50
113
78
107
104
54
108
129
105
114
46
48
55
49
135
124
106
57
98
116
33
132
32
108
2
11
114
119
104
129
132
60
116
95
106
141
70
116
132
129
89
123
123
117
29
77
129
122
89
4
10
44
113
90
81
114
14
125
44
114
22
15
113
114
113
114
7
102
59
114
109
42
83
106
10
94
104
96
39
57
101
104
39
104
56
109
11
38
88
104
95
104
66
2
101
99
94
97
95
99
76
99
70
99
94
96
92
18
83
96
95
77
95
44
71
88
89
88
64
78
94
14
94
89
50
89
88
78
4
